<?xml version="1.0" encoding="UTF-8"?>
<testng-results ignored="0" total="2" passed="2" failed="0" skipped="0">
  <reporter-output>
  </reporter-output>
  <suite started-at="2023-07-18T22:02:55 IST" name="Suite" finished-at="2023-07-18T22:03:29 IST" duration-ms="33291">
    <groups>
      <group name="cucumber">
        <method signature="AbstractTestNGCucumberTests.runScenario(io.cucumber.testng.PickleWrapper,io.cucumber.testng.FeatureWrapper)[pri:0, instance:TestRunner.Runner@7a5ceedd]" name="runScenario" class="io.cucumber.testng.AbstractTestNGCucumberTests"/>
      </group> <!-- cucumber -->
    </groups>
    <test started-at="2023-07-18T22:02:55 IST" name="Test" finished-at="2023-07-18T22:03:29 IST" duration-ms="33291">
      <class name="TestRunner.Runner">
        <test-method is-config="true" signature="setUpClass(org.testng.ITestContext)[pri:0, instance:TestRunner.Runner@7a5ceedd]" started-at="2023-07-18T22:02:56 IST" name="setUpClass" finished-at="2023-07-18T22:02:56 IST" duration-ms="248" status="PASS">
          <params>
            <param index="0">
              <value>
                <![CDATA[org.testng.TestRunner@35e74e08]]>
              </value>
            </param>
          </params>
          <reporter-output>
          </reporter-output>
        </test-method> <!-- setUpClass -->
        <test-method signature="runScenario(io.cucumber.testng.PickleWrapper,io.cucumber.testng.FeatureWrapper)[pri:0, instance:TestRunner.Runner@7a5ceedd]" started-at="2023-07-18T22:02:56 IST" name="runScenario" description="Runs Cucumber Scenarios" data-provider="scenarios" finished-at="2023-07-18T22:03:12 IST" duration-ms="15878" status="PASS">
          <params>
            <param index="0">
              <value>
                <![CDATA["faceBook chat functionality"]]>
              </value>
            </param>
            <param index="1">
              <value>
                <![CDATA["Login page"]]>
              </value>
            </param>
          </params>
          <reporter-output>
          </reporter-output>
        </test-method> <!-- runScenario -->
        <test-method signature="runScenario(io.cucumber.testng.PickleWrapper,io.cucumber.testng.FeatureWrapper)[pri:0, instance:TestRunner.Runner@7a5ceedd]" started-at="2023-07-18T22:03:12 IST" name="runScenario" description="Runs Cucumber Scenarios" data-provider="scenarios" finished-at="2023-07-18T22:03:29 IST" duration-ms="16778" status="PASS">
          <params>
            <param index="0">
              <value>
                <![CDATA["Group chat functionality"]]>
              </value>
            </param>
            <param index="1">
              <value>
                <![CDATA["Login page"]]>
              </value>
            </param>
          </params>
          <reporter-output>
          </reporter-output>
        </test-method> <!-- runScenario -->
        <test-method is-config="true" signature="tearDownClass()[pri:0, instance:TestRunner.Runner@7a5ceedd]" started-at="2023-07-18T22:03:29 IST" name="tearDownClass" finished-at="2023-07-18T22:03:29 IST" duration-ms="9" status="PASS">
          <reporter-output>
          </reporter-output>
        </test-method> <!-- tearDownClass -->
      </class> <!-- TestRunner.Runner -->
    </test> <!-- Test -->
  </suite> <!-- Suite -->
</testng-results>
